<?xml version="1.0" encoding="UTF-8"?>
<!-- Generated by org.testng.reporters.JUnitReportReporter -->
<testsuite hostname="dell-PC" failures="0" tests="2" name="Academy.HomePage" time="17.150" errors="0" timestamp="21 Aug 2019 08:54:46 GMT">
  <testcase classname="Academy.HomePage" name="basePageNavigation" time="7.721"/>
  <testcase classname="Academy.HomePage" name="basePageNavigation" time="9.429"/>
</testsuite> <!-- Academy.HomePage -->
