<?xml version="1.0" encoding="UTF-8"?>
<!-- Generated by org.testng.reporters.JUnitReportReporter -->
<testsuite hostname="dell-PC" failures="0" tests="1" name="Academy.ValidateTitle" time="0.093" errors="0" timestamp="20 Aug 2019 14:21:44 GMT">
  <testcase classname="Academy.ValidateTitle" name="basePageNavigation" time="0.093"/>
</testsuite> <!-- Academy.ValidateTitle -->
