<?xml version="1.0" encoding="UTF-8"?>
<!-- Generated by org.testng.reporters.JUnitReportReporter -->
<testsuite hostname="dell-PC" failures="0" tests="2" name="Academy.HomePage" time="17.640" errors="0" timestamp="20 Aug 2019 14:21:44 GMT">
  <testcase classname="Academy.HomePage" name="basePageNavigation" time="10.123"/>
  <testcase classname="Academy.HomePage" name="basePageNavigation" time="7.517"/>
</testsuite> <!-- Academy.HomePage -->
